:: loading settings :: url = jar:file:/opt/bitnami/spark/jars/ivy-2.5.0.jar!/org/apache/ivy/core/settings/ivysettings.xml
Ivy Default Cache set to: /opt/bitnami/spark/.ivy2/cache
The jars for the packages stored in: /opt/bitnami/spark/.ivy2/jars
org.apache.spark#spark-sql-kafka-0-10_2.12 added as a dependency
:: resolving dependencies :: org.apache.spark#spark-submit-parent-da222694-ed5c-4b88-a008-9c651f58c0b3;1.0
	confs: [default]
	found org.apache.spark#spark-sql-kafka-0-10_2.12;3.0.0 in central
	found org.apache.spark#spark-token-provider-kafka-0-10_2.12;3.0.0 in central
	found org.apache.kafka#kafka-clients;2.4.1 in central
	found com.github.luben#zstd-jni;1.4.4-3 in central
	found org.lz4#lz4-java;1.7.1 in central
	found org.xerial.snappy#snappy-java;1.1.7.5 in central
	found org.slf4j#slf4j-api;1.7.30 in central
	found org.spark-project.spark#unused;1.0.0 in central
	found org.apache.commons#commons-pool2;2.6.2 in central
:: resolution report :: resolve 1140ms :: artifacts dl 193ms
	:: modules in use:
	com.github.luben#zstd-jni;1.4.4-3 from central in [default]
	org.apache.commons#commons-pool2;2.6.2 from central in [default]
	org.apache.kafka#kafka-clients;2.4.1 from central in [default]
	org.apache.spark#spark-sql-kafka-0-10_2.12;3.0.0 from central in [default]
	org.apache.spark#spark-token-provider-kafka-0-10_2.12;3.0.0 from central in [default]
	org.lz4#lz4-java;1.7.1 from central in [default]
	org.slf4j#slf4j-api;1.7.30 from central in [default]
	org.spark-project.spark#unused;1.0.0 from central in [default]
	org.xerial.snappy#snappy-java;1.1.7.5 from central in [default]
	---------------------------------------------------------------------
	|                  |            modules            ||   artifacts   |
	|       conf       | number| search|dwnlded|evicted|| number|dwnlded|
	---------------------------------------------------------------------
	|      default     |   9   |   0   |   0   |   0   ||   9   |   0   |
	---------------------------------------------------------------------
:: retrieving :: org.apache.spark#spark-submit-parent-da222694-ed5c-4b88-a008-9c651f58c0b3
	confs: [default]
	0 artifacts copied, 9 already retrieved (0kB/64ms)
23/06/07 04:43:17 WARN NativeCodeLoader: Unable to load native-hadoop library for your platform... using builtin-java classes where applicable
Using Spark's default log4j profile: org/apache/spark/log4j-defaults.properties
23/06/07 04:43:18 INFO SparkContext: Running Spark version 3.2.1
23/06/07 04:43:18 INFO ResourceUtils: ==============================================================
23/06/07 04:43:18 INFO ResourceUtils: No custom resources configured for spark.driver.
23/06/07 04:43:18 INFO ResourceUtils: ==============================================================
23/06/07 04:43:18 INFO SparkContext: Submitted application: Customer-Event
23/06/07 04:43:18 INFO ResourceProfile: Default ResourceProfile created, executor resources: Map(cores -> name: cores, amount: 1, script: , vendor: , memory -> name: memory, amount: 1024, script: , vendor: , offHeap -> name: offHeap, amount: 0, script: , vendor: ), task resources: Map(cpus -> name: cpus, amount: 1.0)
23/06/07 04:43:18 INFO ResourceProfile: Limiting resource is cpu
23/06/07 04:43:18 INFO ResourceProfileManager: Added ResourceProfile id: 0
23/06/07 04:43:18 INFO SecurityManager: Changing view acls to: spark
23/06/07 04:43:18 INFO SecurityManager: Changing modify acls to: spark
23/06/07 04:43:18 INFO SecurityManager: Changing view acls groups to: 
23/06/07 04:43:18 INFO SecurityManager: Changing modify acls groups to: 
23/06/07 04:43:18 INFO SecurityManager: SecurityManager: authentication disabled; ui acls disabled; users  with view permissions: Set(spark); groups with view permissions: Set(); users  with modify permissions: Set(spark); groups with modify permissions: Set()
23/06/07 04:43:18 INFO Utils: Successfully started service 'sparkDriver' on port 38287.
23/06/07 04:43:18 INFO SparkEnv: Registering MapOutputTracker
23/06/07 04:43:18 INFO SparkEnv: Registering BlockManagerMaster
23/06/07 04:43:18 INFO BlockManagerMasterEndpoint: Using org.apache.spark.storage.DefaultTopologyMapper for getting topology information
23/06/07 04:43:18 INFO BlockManagerMasterEndpoint: BlockManagerMasterEndpoint up
23/06/07 04:43:18 INFO SparkEnv: Registering BlockManagerMasterHeartbeat
23/06/07 04:43:18 INFO DiskBlockManager: Created local directory at /tmp/blockmgr-1c4a2296-9ba3-419e-8c9f-03b32db6962e
23/06/07 04:43:18 INFO MemoryStore: MemoryStore started with capacity 366.3 MiB
23/06/07 04:43:18 INFO SparkEnv: Registering OutputCommitCoordinator
23/06/07 04:43:18 INFO Utils: Successfully started service 'SparkUI' on port 4040.
23/06/07 04:43:18 INFO SparkUI: Bound SparkUI to 0.0.0.0, and started at http://06e561c27113:4040
23/06/07 04:43:18 INFO SparkContext: Added JAR file:///opt/bitnami/spark/.ivy2/jars/org.apache.spark_spark-sql-kafka-0-10_2.12-3.0.0.jar at spark://06e561c27113:38287/jars/org.apache.spark_spark-sql-kafka-0-10_2.12-3.0.0.jar with timestamp 1686112998076
23/06/07 04:43:18 INFO SparkContext: Added JAR file:///opt/bitnami/spark/.ivy2/jars/org.apache.spark_spark-token-provider-kafka-0-10_2.12-3.0.0.jar at spark://06e561c27113:38287/jars/org.apache.spark_spark-token-provider-kafka-0-10_2.12-3.0.0.jar with timestamp 1686112998076
23/06/07 04:43:18 INFO SparkContext: Added JAR file:///opt/bitnami/spark/.ivy2/jars/org.apache.kafka_kafka-clients-2.4.1.jar at spark://06e561c27113:38287/jars/org.apache.kafka_kafka-clients-2.4.1.jar with timestamp 1686112998076
23/06/07 04:43:18 INFO SparkContext: Added JAR file:///opt/bitnami/spark/.ivy2/jars/org.apache.commons_commons-pool2-2.6.2.jar at spark://06e561c27113:38287/jars/org.apache.commons_commons-pool2-2.6.2.jar with timestamp 1686112998076
23/06/07 04:43:18 INFO SparkContext: Added JAR file:///opt/bitnami/spark/.ivy2/jars/org.spark-project.spark_unused-1.0.0.jar at spark://06e561c27113:38287/jars/org.spark-project.spark_unused-1.0.0.jar with timestamp 1686112998076
23/06/07 04:43:18 INFO SparkContext: Added JAR file:///opt/bitnami/spark/.ivy2/jars/com.github.luben_zstd-jni-1.4.4-3.jar at spark://06e561c27113:38287/jars/com.github.luben_zstd-jni-1.4.4-3.jar with timestamp 1686112998076
23/06/07 04:43:18 INFO SparkContext: Added JAR file:///opt/bitnami/spark/.ivy2/jars/org.lz4_lz4-java-1.7.1.jar at spark://06e561c27113:38287/jars/org.lz4_lz4-java-1.7.1.jar with timestamp 1686112998076
23/06/07 04:43:18 INFO SparkContext: Added JAR file:///opt/bitnami/spark/.ivy2/jars/org.xerial.snappy_snappy-java-1.1.7.5.jar at spark://06e561c27113:38287/jars/org.xerial.snappy_snappy-java-1.1.7.5.jar with timestamp 1686112998076
23/06/07 04:43:18 INFO SparkContext: Added JAR file:///opt/bitnami/spark/.ivy2/jars/org.slf4j_slf4j-api-1.7.30.jar at spark://06e561c27113:38287/jars/org.slf4j_slf4j-api-1.7.30.jar with timestamp 1686112998076
23/06/07 04:43:18 INFO SparkContext: Added file file:///opt/bitnami/spark/.ivy2/jars/org.apache.spark_spark-sql-kafka-0-10_2.12-3.0.0.jar at file:///opt/bitnami/spark/.ivy2/jars/org.apache.spark_spark-sql-kafka-0-10_2.12-3.0.0.jar with timestamp 1686112998076
23/06/07 04:43:18 INFO Utils: Copying /opt/bitnami/spark/.ivy2/jars/org.apache.spark_spark-sql-kafka-0-10_2.12-3.0.0.jar to /tmp/spark-92b8253f-c99f-4704-ae4d-17745613d410/userFiles-05337239-7432-46d5-9f4b-acc49c1ceff9/org.apache.spark_spark-sql-kafka-0-10_2.12-3.0.0.jar
23/06/07 04:43:18 INFO SparkContext: Added file file:///opt/bitnami/spark/.ivy2/jars/org.apache.spark_spark-token-provider-kafka-0-10_2.12-3.0.0.jar at file:///opt/bitnami/spark/.ivy2/jars/org.apache.spark_spark-token-provider-kafka-0-10_2.12-3.0.0.jar with timestamp 1686112998076
23/06/07 04:43:18 INFO Utils: Copying /opt/bitnami/spark/.ivy2/jars/org.apache.spark_spark-token-provider-kafka-0-10_2.12-3.0.0.jar to /tmp/spark-92b8253f-c99f-4704-ae4d-17745613d410/userFiles-05337239-7432-46d5-9f4b-acc49c1ceff9/org.apache.spark_spark-token-provider-kafka-0-10_2.12-3.0.0.jar
23/06/07 04:43:18 INFO SparkContext: Added file file:///opt/bitnami/spark/.ivy2/jars/org.apache.kafka_kafka-clients-2.4.1.jar at file:///opt/bitnami/spark/.ivy2/jars/org.apache.kafka_kafka-clients-2.4.1.jar with timestamp 1686112998076
23/06/07 04:43:18 INFO Utils: Copying /opt/bitnami/spark/.ivy2/jars/org.apache.kafka_kafka-clients-2.4.1.jar to /tmp/spark-92b8253f-c99f-4704-ae4d-17745613d410/userFiles-05337239-7432-46d5-9f4b-acc49c1ceff9/org.apache.kafka_kafka-clients-2.4.1.jar
23/06/07 04:43:18 INFO SparkContext: Added file file:///opt/bitnami/spark/.ivy2/jars/org.apache.commons_commons-pool2-2.6.2.jar at file:///opt/bitnami/spark/.ivy2/jars/org.apache.commons_commons-pool2-2.6.2.jar with timestamp 1686112998076
23/06/07 04:43:18 INFO Utils: Copying /opt/bitnami/spark/.ivy2/jars/org.apache.commons_commons-pool2-2.6.2.jar to /tmp/spark-92b8253f-c99f-4704-ae4d-17745613d410/userFiles-05337239-7432-46d5-9f4b-acc49c1ceff9/org.apache.commons_commons-pool2-2.6.2.jar
23/06/07 04:43:18 INFO SparkContext: Added file file:///opt/bitnami/spark/.ivy2/jars/org.spark-project.spark_unused-1.0.0.jar at file:///opt/bitnami/spark/.ivy2/jars/org.spark-project.spark_unused-1.0.0.jar with timestamp 1686112998076
23/06/07 04:43:18 INFO Utils: Copying /opt/bitnami/spark/.ivy2/jars/org.spark-project.spark_unused-1.0.0.jar to /tmp/spark-92b8253f-c99f-4704-ae4d-17745613d410/userFiles-05337239-7432-46d5-9f4b-acc49c1ceff9/org.spark-project.spark_unused-1.0.0.jar
23/06/07 04:43:18 INFO SparkContext: Added file file:///opt/bitnami/spark/.ivy2/jars/com.github.luben_zstd-jni-1.4.4-3.jar at file:///opt/bitnami/spark/.ivy2/jars/com.github.luben_zstd-jni-1.4.4-3.jar with timestamp 1686112998076
23/06/07 04:43:18 INFO Utils: Copying /opt/bitnami/spark/.ivy2/jars/com.github.luben_zstd-jni-1.4.4-3.jar to /tmp/spark-92b8253f-c99f-4704-ae4d-17745613d410/userFiles-05337239-7432-46d5-9f4b-acc49c1ceff9/com.github.luben_zstd-jni-1.4.4-3.jar
23/06/07 04:43:18 INFO SparkContext: Added file file:///opt/bitnami/spark/.ivy2/jars/org.lz4_lz4-java-1.7.1.jar at file:///opt/bitnami/spark/.ivy2/jars/org.lz4_lz4-java-1.7.1.jar with timestamp 1686112998076
23/06/07 04:43:18 INFO Utils: Copying /opt/bitnami/spark/.ivy2/jars/org.lz4_lz4-java-1.7.1.jar to /tmp/spark-92b8253f-c99f-4704-ae4d-17745613d410/userFiles-05337239-7432-46d5-9f4b-acc49c1ceff9/org.lz4_lz4-java-1.7.1.jar
23/06/07 04:43:18 INFO SparkContext: Added file file:///opt/bitnami/spark/.ivy2/jars/org.xerial.snappy_snappy-java-1.1.7.5.jar at file:///opt/bitnami/spark/.ivy2/jars/org.xerial.snappy_snappy-java-1.1.7.5.jar with timestamp 1686112998076
23/06/07 04:43:18 INFO Utils: Copying /opt/bitnami/spark/.ivy2/jars/org.xerial.snappy_snappy-java-1.1.7.5.jar to /tmp/spark-92b8253f-c99f-4704-ae4d-17745613d410/userFiles-05337239-7432-46d5-9f4b-acc49c1ceff9/org.xerial.snappy_snappy-java-1.1.7.5.jar
23/06/07 04:43:18 INFO SparkContext: Added file file:///opt/bitnami/spark/.ivy2/jars/org.slf4j_slf4j-api-1.7.30.jar at file:///opt/bitnami/spark/.ivy2/jars/org.slf4j_slf4j-api-1.7.30.jar with timestamp 1686112998076
23/06/07 04:43:18 INFO Utils: Copying /opt/bitnami/spark/.ivy2/jars/org.slf4j_slf4j-api-1.7.30.jar to /tmp/spark-92b8253f-c99f-4704-ae4d-17745613d410/userFiles-05337239-7432-46d5-9f4b-acc49c1ceff9/org.slf4j_slf4j-api-1.7.30.jar
23/06/07 04:43:19 INFO Executor: Starting executor ID driver on host 06e561c27113
23/06/07 04:43:19 INFO Executor: Fetching file:///opt/bitnami/spark/.ivy2/jars/org.apache.spark_spark-token-provider-kafka-0-10_2.12-3.0.0.jar with timestamp 1686112998076
23/06/07 04:43:19 INFO Utils: /opt/bitnami/spark/.ivy2/jars/org.apache.spark_spark-token-provider-kafka-0-10_2.12-3.0.0.jar has been previously copied to /tmp/spark-92b8253f-c99f-4704-ae4d-17745613d410/userFiles-05337239-7432-46d5-9f4b-acc49c1ceff9/org.apache.spark_spark-token-provider-kafka-0-10_2.12-3.0.0.jar
23/06/07 04:43:19 INFO Executor: Fetching file:///opt/bitnami/spark/.ivy2/jars/com.github.luben_zstd-jni-1.4.4-3.jar with timestamp 1686112998076
23/06/07 04:43:19 INFO Utils: /opt/bitnami/spark/.ivy2/jars/com.github.luben_zstd-jni-1.4.4-3.jar has been previously copied to /tmp/spark-92b8253f-c99f-4704-ae4d-17745613d410/userFiles-05337239-7432-46d5-9f4b-acc49c1ceff9/com.github.luben_zstd-jni-1.4.4-3.jar
23/06/07 04:43:19 INFO Executor: Fetching file:///opt/bitnami/spark/.ivy2/jars/org.xerial.snappy_snappy-java-1.1.7.5.jar with timestamp 1686112998076
23/06/07 04:43:19 INFO Utils: /opt/bitnami/spark/.ivy2/jars/org.xerial.snappy_snappy-java-1.1.7.5.jar has been previously copied to /tmp/spark-92b8253f-c99f-4704-ae4d-17745613d410/userFiles-05337239-7432-46d5-9f4b-acc49c1ceff9/org.xerial.snappy_snappy-java-1.1.7.5.jar
23/06/07 04:43:19 INFO Executor: Fetching file:///opt/bitnami/spark/.ivy2/jars/org.apache.kafka_kafka-clients-2.4.1.jar with timestamp 1686112998076
23/06/07 04:43:19 INFO Utils: /opt/bitnami/spark/.ivy2/jars/org.apache.kafka_kafka-clients-2.4.1.jar has been previously copied to /tmp/spark-92b8253f-c99f-4704-ae4d-17745613d410/userFiles-05337239-7432-46d5-9f4b-acc49c1ceff9/org.apache.kafka_kafka-clients-2.4.1.jar
23/06/07 04:43:19 INFO Executor: Fetching file:///opt/bitnami/spark/.ivy2/jars/org.apache.spark_spark-sql-kafka-0-10_2.12-3.0.0.jar with timestamp 1686112998076
23/06/07 04:43:19 INFO Utils: /opt/bitnami/spark/.ivy2/jars/org.apache.spark_spark-sql-kafka-0-10_2.12-3.0.0.jar has been previously copied to /tmp/spark-92b8253f-c99f-4704-ae4d-17745613d410/userFiles-05337239-7432-46d5-9f4b-acc49c1ceff9/org.apache.spark_spark-sql-kafka-0-10_2.12-3.0.0.jar
23/06/07 04:43:19 INFO Executor: Fetching file:///opt/bitnami/spark/.ivy2/jars/org.apache.commons_commons-pool2-2.6.2.jar with timestamp 1686112998076
23/06/07 04:43:19 INFO Utils: /opt/bitnami/spark/.ivy2/jars/org.apache.commons_commons-pool2-2.6.2.jar has been previously copied to /tmp/spark-92b8253f-c99f-4704-ae4d-17745613d410/userFiles-05337239-7432-46d5-9f4b-acc49c1ceff9/org.apache.commons_commons-pool2-2.6.2.jar
23/06/07 04:43:19 INFO Executor: Fetching file:///opt/bitnami/spark/.ivy2/jars/org.spark-project.spark_unused-1.0.0.jar with timestamp 1686112998076
23/06/07 04:43:19 INFO Utils: /opt/bitnami/spark/.ivy2/jars/org.spark-project.spark_unused-1.0.0.jar has been previously copied to /tmp/spark-92b8253f-c99f-4704-ae4d-17745613d410/userFiles-05337239-7432-46d5-9f4b-acc49c1ceff9/org.spark-project.spark_unused-1.0.0.jar
23/06/07 04:43:19 INFO Executor: Fetching file:///opt/bitnami/spark/.ivy2/jars/org.lz4_lz4-java-1.7.1.jar with timestamp 1686112998076
23/06/07 04:43:19 INFO Utils: /opt/bitnami/spark/.ivy2/jars/org.lz4_lz4-java-1.7.1.jar has been previously copied to /tmp/spark-92b8253f-c99f-4704-ae4d-17745613d410/userFiles-05337239-7432-46d5-9f4b-acc49c1ceff9/org.lz4_lz4-java-1.7.1.jar
23/06/07 04:43:19 INFO Executor: Fetching file:///opt/bitnami/spark/.ivy2/jars/org.slf4j_slf4j-api-1.7.30.jar with timestamp 1686112998076
23/06/07 04:43:19 INFO Utils: /opt/bitnami/spark/.ivy2/jars/org.slf4j_slf4j-api-1.7.30.jar has been previously copied to /tmp/spark-92b8253f-c99f-4704-ae4d-17745613d410/userFiles-05337239-7432-46d5-9f4b-acc49c1ceff9/org.slf4j_slf4j-api-1.7.30.jar
23/06/07 04:43:19 INFO Executor: Fetching spark://06e561c27113:38287/jars/org.apache.commons_commons-pool2-2.6.2.jar with timestamp 1686112998076
23/06/07 04:43:19 INFO TransportClientFactory: Successfully created connection to 06e561c27113/172.20.0.5:38287 after 33 ms (0 ms spent in bootstraps)
23/06/07 04:43:19 INFO Utils: Fetching spark://06e561c27113:38287/jars/org.apache.commons_commons-pool2-2.6.2.jar to /tmp/spark-92b8253f-c99f-4704-ae4d-17745613d410/userFiles-05337239-7432-46d5-9f4b-acc49c1ceff9/fetchFileTemp4202497119244955361.tmp
23/06/07 04:43:19 INFO Utils: /tmp/spark-92b8253f-c99f-4704-ae4d-17745613d410/userFiles-05337239-7432-46d5-9f4b-acc49c1ceff9/fetchFileTemp4202497119244955361.tmp has been previously copied to /tmp/spark-92b8253f-c99f-4704-ae4d-17745613d410/userFiles-05337239-7432-46d5-9f4b-acc49c1ceff9/org.apache.commons_commons-pool2-2.6.2.jar
23/06/07 04:43:19 INFO Executor: Adding file:/tmp/spark-92b8253f-c99f-4704-ae4d-17745613d410/userFiles-05337239-7432-46d5-9f4b-acc49c1ceff9/org.apache.commons_commons-pool2-2.6.2.jar to class loader
23/06/07 04:43:19 INFO Executor: Fetching spark://06e561c27113:38287/jars/org.apache.kafka_kafka-clients-2.4.1.jar with timestamp 1686112998076
23/06/07 04:43:19 INFO Utils: Fetching spark://06e561c27113:38287/jars/org.apache.kafka_kafka-clients-2.4.1.jar to /tmp/spark-92b8253f-c99f-4704-ae4d-17745613d410/userFiles-05337239-7432-46d5-9f4b-acc49c1ceff9/fetchFileTemp5817893586208724431.tmp
23/06/07 04:43:19 INFO Utils: /tmp/spark-92b8253f-c99f-4704-ae4d-17745613d410/userFiles-05337239-7432-46d5-9f4b-acc49c1ceff9/fetchFileTemp5817893586208724431.tmp has been previously copied to /tmp/spark-92b8253f-c99f-4704-ae4d-17745613d410/userFiles-05337239-7432-46d5-9f4b-acc49c1ceff9/org.apache.kafka_kafka-clients-2.4.1.jar
23/06/07 04:43:19 INFO Executor: Adding file:/tmp/spark-92b8253f-c99f-4704-ae4d-17745613d410/userFiles-05337239-7432-46d5-9f4b-acc49c1ceff9/org.apache.kafka_kafka-clients-2.4.1.jar to class loader
23/06/07 04:43:19 INFO Executor: Fetching spark://06e561c27113:38287/jars/org.xerial.snappy_snappy-java-1.1.7.5.jar with timestamp 1686112998076
23/06/07 04:43:19 INFO Utils: Fetching spark://06e561c27113:38287/jars/org.xerial.snappy_snappy-java-1.1.7.5.jar to /tmp/spark-92b8253f-c99f-4704-ae4d-17745613d410/userFiles-05337239-7432-46d5-9f4b-acc49c1ceff9/fetchFileTemp6369673167981636959.tmp
23/06/07 04:43:19 INFO Utils: /tmp/spark-92b8253f-c99f-4704-ae4d-17745613d410/userFiles-05337239-7432-46d5-9f4b-acc49c1ceff9/fetchFileTemp6369673167981636959.tmp has been previously copied to /tmp/spark-92b8253f-c99f-4704-ae4d-17745613d410/userFiles-05337239-7432-46d5-9f4b-acc49c1ceff9/org.xerial.snappy_snappy-java-1.1.7.5.jar
23/06/07 04:43:19 INFO Executor: Adding file:/tmp/spark-92b8253f-c99f-4704-ae4d-17745613d410/userFiles-05337239-7432-46d5-9f4b-acc49c1ceff9/org.xerial.snappy_snappy-java-1.1.7.5.jar to class loader
23/06/07 04:43:19 INFO Executor: Fetching spark://06e561c27113:38287/jars/org.lz4_lz4-java-1.7.1.jar with timestamp 1686112998076
23/06/07 04:43:19 INFO Utils: Fetching spark://06e561c27113:38287/jars/org.lz4_lz4-java-1.7.1.jar to /tmp/spark-92b8253f-c99f-4704-ae4d-17745613d410/userFiles-05337239-7432-46d5-9f4b-acc49c1ceff9/fetchFileTemp8101133015981345112.tmp
23/06/07 04:43:19 INFO Utils: /tmp/spark-92b8253f-c99f-4704-ae4d-17745613d410/userFiles-05337239-7432-46d5-9f4b-acc49c1ceff9/fetchFileTemp8101133015981345112.tmp has been previously copied to /tmp/spark-92b8253f-c99f-4704-ae4d-17745613d410/userFiles-05337239-7432-46d5-9f4b-acc49c1ceff9/org.lz4_lz4-java-1.7.1.jar
23/06/07 04:43:19 INFO Executor: Adding file:/tmp/spark-92b8253f-c99f-4704-ae4d-17745613d410/userFiles-05337239-7432-46d5-9f4b-acc49c1ceff9/org.lz4_lz4-java-1.7.1.jar to class loader
23/06/07 04:43:19 INFO Executor: Fetching spark://06e561c27113:38287/jars/com.github.luben_zstd-jni-1.4.4-3.jar with timestamp 1686112998076
23/06/07 04:43:19 INFO Utils: Fetching spark://06e561c27113:38287/jars/com.github.luben_zstd-jni-1.4.4-3.jar to /tmp/spark-92b8253f-c99f-4704-ae4d-17745613d410/userFiles-05337239-7432-46d5-9f4b-acc49c1ceff9/fetchFileTemp8528630533745080740.tmp
23/06/07 04:43:19 INFO Utils: /tmp/spark-92b8253f-c99f-4704-ae4d-17745613d410/userFiles-05337239-7432-46d5-9f4b-acc49c1ceff9/fetchFileTemp8528630533745080740.tmp has been previously copied to /tmp/spark-92b8253f-c99f-4704-ae4d-17745613d410/userFiles-05337239-7432-46d5-9f4b-acc49c1ceff9/com.github.luben_zstd-jni-1.4.4-3.jar
23/06/07 04:43:19 INFO Executor: Adding file:/tmp/spark-92b8253f-c99f-4704-ae4d-17745613d410/userFiles-05337239-7432-46d5-9f4b-acc49c1ceff9/com.github.luben_zstd-jni-1.4.4-3.jar to class loader
23/06/07 04:43:19 INFO Executor: Fetching spark://06e561c27113:38287/jars/org.spark-project.spark_unused-1.0.0.jar with timestamp 1686112998076
23/06/07 04:43:19 INFO Utils: Fetching spark://06e561c27113:38287/jars/org.spark-project.spark_unused-1.0.0.jar to /tmp/spark-92b8253f-c99f-4704-ae4d-17745613d410/userFiles-05337239-7432-46d5-9f4b-acc49c1ceff9/fetchFileTemp3828142943261473251.tmp
23/06/07 04:43:19 INFO Utils: /tmp/spark-92b8253f-c99f-4704-ae4d-17745613d410/userFiles-05337239-7432-46d5-9f4b-acc49c1ceff9/fetchFileTemp3828142943261473251.tmp has been previously copied to /tmp/spark-92b8253f-c99f-4704-ae4d-17745613d410/userFiles-05337239-7432-46d5-9f4b-acc49c1ceff9/org.spark-project.spark_unused-1.0.0.jar
23/06/07 04:43:19 INFO Executor: Adding file:/tmp/spark-92b8253f-c99f-4704-ae4d-17745613d410/userFiles-05337239-7432-46d5-9f4b-acc49c1ceff9/org.spark-project.spark_unused-1.0.0.jar to class loader
23/06/07 04:43:19 INFO Executor: Fetching spark://06e561c27113:38287/jars/org.apache.spark_spark-sql-kafka-0-10_2.12-3.0.0.jar with timestamp 1686112998076
23/06/07 04:43:19 INFO Utils: Fetching spark://06e561c27113:38287/jars/org.apache.spark_spark-sql-kafka-0-10_2.12-3.0.0.jar to /tmp/spark-92b8253f-c99f-4704-ae4d-17745613d410/userFiles-05337239-7432-46d5-9f4b-acc49c1ceff9/fetchFileTemp2364935247392478302.tmp
23/06/07 04:43:19 INFO Utils: /tmp/spark-92b8253f-c99f-4704-ae4d-17745613d410/userFiles-05337239-7432-46d5-9f4b-acc49c1ceff9/fetchFileTemp2364935247392478302.tmp has been previously copied to /tmp/spark-92b8253f-c99f-4704-ae4d-17745613d410/userFiles-05337239-7432-46d5-9f4b-acc49c1ceff9/org.apache.spark_spark-sql-kafka-0-10_2.12-3.0.0.jar
23/06/07 04:43:19 INFO Executor: Adding file:/tmp/spark-92b8253f-c99f-4704-ae4d-17745613d410/userFiles-05337239-7432-46d5-9f4b-acc49c1ceff9/org.apache.spark_spark-sql-kafka-0-10_2.12-3.0.0.jar to class loader
23/06/07 04:43:19 INFO Executor: Fetching spark://06e561c27113:38287/jars/org.slf4j_slf4j-api-1.7.30.jar with timestamp 1686112998076
23/06/07 04:43:19 INFO Utils: Fetching spark://06e561c27113:38287/jars/org.slf4j_slf4j-api-1.7.30.jar to /tmp/spark-92b8253f-c99f-4704-ae4d-17745613d410/userFiles-05337239-7432-46d5-9f4b-acc49c1ceff9/fetchFileTemp6751786738107120604.tmp
23/06/07 04:43:19 INFO Utils: /tmp/spark-92b8253f-c99f-4704-ae4d-17745613d410/userFiles-05337239-7432-46d5-9f4b-acc49c1ceff9/fetchFileTemp6751786738107120604.tmp has been previously copied to /tmp/spark-92b8253f-c99f-4704-ae4d-17745613d410/userFiles-05337239-7432-46d5-9f4b-acc49c1ceff9/org.slf4j_slf4j-api-1.7.30.jar
23/06/07 04:43:19 INFO Executor: Adding file:/tmp/spark-92b8253f-c99f-4704-ae4d-17745613d410/userFiles-05337239-7432-46d5-9f4b-acc49c1ceff9/org.slf4j_slf4j-api-1.7.30.jar to class loader
23/06/07 04:43:19 INFO Executor: Fetching spark://06e561c27113:38287/jars/org.apache.spark_spark-token-provider-kafka-0-10_2.12-3.0.0.jar with timestamp 1686112998076
23/06/07 04:43:19 INFO Utils: Fetching spark://06e561c27113:38287/jars/org.apache.spark_spark-token-provider-kafka-0-10_2.12-3.0.0.jar to /tmp/spark-92b8253f-c99f-4704-ae4d-17745613d410/userFiles-05337239-7432-46d5-9f4b-acc49c1ceff9/fetchFileTemp3626155286471984605.tmp
23/06/07 04:43:19 INFO Utils: /tmp/spark-92b8253f-c99f-4704-ae4d-17745613d410/userFiles-05337239-7432-46d5-9f4b-acc49c1ceff9/fetchFileTemp3626155286471984605.tmp has been previously copied to /tmp/spark-92b8253f-c99f-4704-ae4d-17745613d410/userFiles-05337239-7432-46d5-9f4b-acc49c1ceff9/org.apache.spark_spark-token-provider-kafka-0-10_2.12-3.0.0.jar
23/06/07 04:43:19 INFO Executor: Adding file:/tmp/spark-92b8253f-c99f-4704-ae4d-17745613d410/userFiles-05337239-7432-46d5-9f4b-acc49c1ceff9/org.apache.spark_spark-token-provider-kafka-0-10_2.12-3.0.0.jar to class loader
23/06/07 04:43:19 INFO Utils: Successfully started service 'org.apache.spark.network.netty.NettyBlockTransferService' on port 38939.
23/06/07 04:43:19 INFO NettyBlockTransferService: Server created on 06e561c27113:38939
23/06/07 04:43:19 INFO BlockManager: Using org.apache.spark.storage.RandomBlockReplicationPolicy for block replication policy
23/06/07 04:43:19 INFO BlockManagerMaster: Registering BlockManager BlockManagerId(driver, 06e561c27113, 38939, None)
23/06/07 04:43:19 INFO BlockManagerMasterEndpoint: Registering block manager 06e561c27113:38939 with 366.3 MiB RAM, BlockManagerId(driver, 06e561c27113, 38939, None)
23/06/07 04:43:19 INFO BlockManagerMaster: Registered BlockManager BlockManagerId(driver, 06e561c27113, 38939, None)
23/06/07 04:43:19 INFO BlockManager: Initialized BlockManager: BlockManagerId(driver, 06e561c27113, 38939, None)
23/06/07 04:43:19 INFO SharedState: Setting hive.metastore.warehouse.dir ('null') to the value of spark.sql.warehouse.dir.
23/06/07 04:43:19 INFO SharedState: Warehouse path is 'file:/opt/bitnami/spark/spark-warehouse'.
23/06/07 04:43:22 WARN ResolveWriteToStream: spark.sql.adaptive.enabled is not supported in streaming DataFrames/Datasets and will be disabled.
-------------------------------------------
Batch: 0
-------------------------------------------
+--------------------+------+
|            customer| score|
+--------------------+------+
|Frank.Gonzalez@te...|  8.88|
|Christina.Mitra@t...|  4.95|
| Eric.Doshi@test.com|-22.69|
|Senthil.Phillips@...|-39.64|
|Frank.Aristotle@t...| -3.29|
|Jason.Jones@test.com|  5.63|
|Christina.Anandh@...|-10.62|
|David.Harris@test...| -1.31|
|Danny.Ahmed@test.com|-38.14|
|Chris.Aristotle@t...|   9.4|
|Jane.Khatib@test.com|-36.57|
|Edward.Ahmed@test...|-15.71|
|Angie.Gonzalez@te...|-22.62|
|Ashley.Howard@tes...|-25.79|
|Travis.Olson@test...|-29.78|
|Jason.Fibonnaci@t...|-36.12|
|Frank.Abram@test.com|-38.73|
|Senthil.Ahmed@tes...|-35.93|
|Lyn.Anderson@test...|  3.43|
|Senthil.Clark@tes...|-23.65|
+--------------------+------+
only showing top 20 rows

^CERROR:root:Exception while sending command.
Traceback (most recent call last):
  File "/opt/bitnami/spark/python/lib/py4j-0.10.9.3-src.zip/py4j/clientserver.py", line 475, in send_command
    answer = smart_decode(self.stream.readline()[:-1])
RuntimeError: reentrant call inside <_io.BufferedReader name=3>

During handling of the above exception, another exception occurred:

Traceback (most recent call last):
  File "/opt/bitnami/spark/python/lib/py4j-0.10.9.3-src.zip/py4j/java_gateway.py", line 1038, in send_command
    response = connection.send_command(command)
  File "/opt/bitnami/spark/python/lib/py4j-0.10.9.3-src.zip/py4j/clientserver.py", line 503, in send_command
    raise Py4JNetworkError(
py4j.protocol.Py4JNetworkError: Error while sending or receiving
ERROR:root:Exception while sending command.
Traceback (most recent call last):
  File "/opt/bitnami/spark/python/lib/py4j-0.10.9.3-src.zip/py4j/clientserver.py", line 475, in send_command
    answer = smart_decode(self.stream.readline()[:-1])
  File "/opt/bitnami/python/lib/python3.8/socket.py", line 669, in readinto
    return self._sock.recv_into(b)
  File "/opt/bitnami/spark/python/lib/pyspark.zip/pyspark/context.py", line 292, in signal_handler
    self.cancelAllJobs()
  File "/opt/bitnami/spark/python/lib/pyspark.zip/pyspark/context.py", line 1195, in cancelAllJobs
    self._jsc.sc().cancelAllJobs()
  File "/opt/bitnami/spark/python/lib/py4j-0.10.9.3-src.zip/py4j/java_gateway.py", line 1321, in __call__
    return_value = get_return_value(
  File "/opt/bitnami/spark/python/lib/pyspark.zip/pyspark/sql/utils.py", line 111, in deco
    return f(*a, **kw)
  File "/opt/bitnami/spark/python/lib/py4j-0.10.9.3-src.zip/py4j/protocol.py", line 334, in get_return_value
    raise Py4JError(
py4j.protocol.Py4JError: An error occurred while calling o14.sc

During handling of the above exception, another exception occurred:

Traceback (most recent call last):
  File "/opt/bitnami/spark/python/lib/py4j-0.10.9.3-src.zip/py4j/java_gateway.py", line 1038, in send_command
    response = connection.send_command(command)
  File "/opt/bitnami/spark/python/lib/py4j-0.10.9.3-src.zip/py4j/clientserver.py", line 503, in send_command
    raise Py4JNetworkError(
py4j.protocol.Py4JNetworkError: Error while sending or receiving
Traceback (most recent call last):
  File "/home/workspace/project/starter/sparkpyeventskafkastreamtoconsole.py", line 49, in <module>
    customerRiskStreamingDF.writeStream \
  File "/opt/bitnami/spark/python/lib/pyspark.zip/pyspark/sql/streaming.py", line 101, in awaitTermination
  File "/opt/bitnami/spark/python/lib/py4j-0.10.9.3-src.zip/py4j/java_gateway.py", line 1321, in __call__
  File "/opt/bitnami/spark/python/lib/pyspark.zip/pyspark/sql/utils.py", line 111, in deco
  File "/opt/bitnami/spark/python/lib/py4j-0.10.9.3-src.zip/py4j/protocol.py", line 334, in get_return_value
py4j.protocol.Py4JError: An error occurred while calling o50.awaitTermination
